2026-03-23 09:06:08,858-WARNING-UNHANDLED ERROR: PATH-/store_replies/view_store_replies/1/1| ERROR BaseModel.model_dump() got an unexpected keyword argument 'exclude_None'
2026-03-23 09:14:46,108-WARNING-UNHANDLED ERROR: PATH-/store_replies/view_store_replies/1/1| ERROR 2 validation errors:
  {'type': 'missing', 'loc': ('response', 'data', 'items'), 'msg': 'Field required', 'input': StandardResponse(status='success', message='no replies available', data=None)}
  {'type': 'missing', 'loc': ('response', 'data', 'pagination'), 'msg': 'Field required', 'input': StandardResponse(status='success', message='no replies available', data=None)}

  File "/app/app/api/v1/routes/store_reply.py", line 25, in store_reply_list
    GET /store_replies/view_store_replies/{store_id}/{review_id}
2026-04-24 15:16:10,542-WARNING-UNHANDLED ERROR: PATH-/product_replies/view_product_replies/6/3| ERROR When initializing mapper Mapper[Store(stores)], expression 'StoreAddress' failed to locate a name ('StoreAddress'). If this is a class name, consider adding this relationship() to the <class 'app.models.Store'> class after both dependent classes have been defined.
2026-04-24 15:25:59,220-WARNING-UNHANDLED ERROR: PATH-/product_replies/view_product_replies/6/3| ERROR Mapper 'Mapper[Reply(replies)]' has no property 'react'.  If this property was indicated from other mappers or configure events, ensure registry.configure() has been called.
2026-04-24 15:53:07,046-WARNING-UNHANDLED ERROR: PATH-/product/list| ERROR 'coroutine' object does not support the asynchronous context manager protocol
2026-04-24 16:04:08,337-WARNING-UNHANDLED ERROR: PATH-/product/list| ERROR 'AsyncSession' object has no attribute 'connect'
2026-04-24 16:11:22,041-WARNING-UNHANDLED ERROR: PATH-/product/list| ERROR type object 'Product' has no attribute 'inventory'
2026-04-24 16:31:54,016-WARNING-UNHANDLED ERROR: PATH-/store/view_store_by_category| ERROR Neither 'InstrumentedAttribute' object nor 'Comparator' object associated with Store.category has an attribute 'name'
2026-04-24 16:49:25,427-WARNING-UNHANDLED ERROR: PATH-/store/view_store_by_category| ERROR 'coroutine' object does not support the asynchronous context manager protocol
2026-04-24 16:55:06,215-WARNING-UNHANDLED ERROR: PATH-/store/view_store_by_category| ERROR (sqlalchemy.dialects.postgresql.asyncpg.ProgrammingError) <class 'asyncpg.exceptions.InvalidColumnReferenceError'>: for SELECT DISTINCT, ORDER BY expressions must appear in select list
[SQL: SELECT DISTINCT stores.id, stores.business_logo, stores.store_photo, stores.store_name, stores.motto, stores.edited_name, stores.store_previous_name, stores.store_description, stores.slug, stores.business_type, stores.category_id, stores.store_email, stores.shipping_fee, stores.tax_amount, stores.store_contact, stores.approved, stores.is_deleted, stores.founded 
FROM stores JOIN categories ON stores.category_id = categories.id JOIN products ON stores.id = products.store_id 
WHERE categories.name ILIKE $1::VARCHAR AND stores.approved ORDER BY random() 
 LIMIT $2::INTEGER OFFSET $3::INTEGER]
[parameters: ('%dd%', 10, 0)]
(Background on this error at: https://sqlalche.me/e/20/f405)
2026-04-24 17:08:11,979-WARNING-UNHANDLED ERROR: PATH-/store/view_store_by_category| ERROR GROUP BY / OF / etc. expression expected, got <class 'app.models.Store'>.
2026-04-24 17:17:42,249-WARNING-UNHANDLED ERROR: PATH-/store_reviews/view_store_reviews| ERROR type object 'Review' has no attribute 'reply'
2026-04-25 19:48:56,062-WARNING-UNHANDLED ERROR: PATH-/auth/login| ERROR 'User' object has no attribute 'name'
2026-04-25 20:18:57,508-WARNING-UNHANDLED ERROR: PATH-/auth/refresh| ERROR 'str' object has no attribute 'get'
2026-04-25 20:40:00,693-WARNING-UNHANDLED ERROR: PATH-/auth/refresh| ERROR 'str' object has no attribute 'get'
2026-04-25 20:46:50,398-WARNING-UNHANDLED ERROR: PATH-/group/create_category| ERROR (sqlalchemy.dialects.postgresql.asyncpg.Error) <class 'asyncpg.exceptions.ConnectionDoesNotExistError'>: connection was closed in the middle of operation
[SQL: SELECT users.id, users.first_name, users.middle_name, users.surname, users.username, users.password, users.is_active, users.role, users.email, users.nationality, users.profile_picture, users.address 
FROM users 
WHERE users.role = $1::VARCHAR OR users.role = $2::VARCHAR]
[parameters: ('Admin', 'Owner')]
(Background on this error at: https://sqlalche.me/e/20/dbapi)
2026-04-25 20:55:16,639-WARNING-UNHANDLED ERROR: PATH-/group/create_category| ERROR unexpected connection_lost() call
2026-04-27 13:52:21,270-WARNING-UNHANDLED ERROR: PATH-/auth/login| ERROR Could not determine join condition between parent/child tables on relationship Category.sub_categories - there are no foreign keys linking these tables.  Ensure that referencing columns are associated with a ForeignKey or ForeignKeyConstraint, or specify a 'primaryjoin' expression.
