2026-04-24 15:11:42,644-WARNING-HTTPEXCEPTION: Not authenticated-PATH:/group/delete
2026-04-24 15:50:52,225-WARNING-HTTPEXCEPTION: Refresh token missing-PATH:/auth/refresh
2026-04-24 15:51:23,588-WARNING-HTTPEXCEPTION: no category found-PATH:/group/get_cart
2026-04-24 16:29:40,814-WARNING-HTTPEXCEPTION: all fields can not be left blank-PATH:/product/search_products
2026-04-24 17:17:05,735-WARNING-HTTPEXCEPTION: store not found-PATH:/store_analytics/store_public_dashboard/{store_id}
2026-04-24 17:17:21,403-WARNING-HTTPEXCEPTION: store not found-PATH:/store_analytics/store_extra_datails/fh
2026-04-25 16:43:39,828-WARNING-HTTPEXCEPTION: An email address must have an @-sign.-PATH:/auth/register
2026-04-25 16:46:25,364-WARNING-HTTPEXCEPTION: The part after the @-sign is not valid. It should have a period.-PATH:/auth/register
2026-04-25 16:46:48,646-WARNING-HTTPEXCEPTION: An email address cannot end with a period.-PATH:/auth/register
2026-04-25 16:47:05,403-WARNING-HTTPEXCEPTION: The domain name gmail.co does not accept email.-PATH:/auth/register
2026-04-25 16:47:17,005-WARNING-HTTPEXCEPTION: confirm password does not match password-PATH:/auth/register
2026-04-25 16:48:35,764-WARNING-HTTPEXCEPTION: Invalid file type. Only JPG, PNG, WEBP allowed.-PATH:/auth/register
2026-04-25 16:50:17,068-WARNING-HTTPEXCEPTION: Invalid file type. Only JPG, PNG, WEBP allowed.-PATH:/auth/register
2026-04-25 16:50:29,550-WARNING-HTTPEXCEPTION: Invalid file type. Only JPG, PNG, WEBP allowed.-PATH:/auth/register
2026-04-25 16:57:27,123-WARNING-HTTPEXCEPTION: error saving photo-PATH:/auth/register
2026-04-25 17:17:09,355-WARNING-HTTPEXCEPTION: error saving photo-PATH:/auth/register
2026-04-25 17:30:36,866-WARNING-HTTPEXCEPTION: error saving photo-PATH:/auth/register
2026-04-25 17:31:27,448-WARNING-HTTPEXCEPTION: error saving photo-PATH:/auth/register
2026-04-25 17:36:17,848-WARNING-HTTPEXCEPTION: error saving photo-PATH:/auth/register
2026-04-25 19:31:19,881-WARNING-HTTPEXCEPTION: error saving photo-PATH:/auth/register
2026-04-25 19:47:14,931-WARNING-HTTPEXCEPTION: password should be letters and numbers-PATH:/auth/register
2026-04-25 20:43:20,136-WARNING-HTTPEXCEPTION: not authenticated-PATH:/group/create_category
2026-04-25 20:45:04,717-WARNING-HTTPEXCEPTION: not authenticated-PATH:/group/create_category
